Arguments: 
  C:\Program Files\nodejs\node.exe C:\Users\selfg\AppData\Roaming\npm\node_modules\yarn\bin\yarn.js add exprees

PATH: 
  C:\ProgramData\Oracle\Java\javapath;C:\Windows\system32;C:\Windows;C:\Windows\System32\Wbem;C:\Windows\System32\WindowsPowerShell\v1.0\;C:\Windows\System32\OpenSSH\;C:\Program Files\NVIDIA Corporation\NVIDIA NvDLISR;C:\Program Files (x86)\NVIDIA Corporation\PhysX\Common;C:\Go\bin;C:\Program Files\Git\cmd;C:\Program Files\Amazon\AWSCLIV2\;C:\Program Files\nodejs\;C:\Program Files (x86)\ZeroTier\One\;C:\Program Files\Java\jdk-14\bin;;C:\Program Files\Docker\Docker\resources\bin;C:\ProgramData\DockerDesktop\version-bin;C:\Users\selfg\scoop\shims;C:\Program Files\MySQL\MySQL Shell 8.0\bin\;C:\Users\selfg\AppData\Local\Programs\Python\Python38\Scripts\;C:\Users\selfg\AppData\Local\Programs\Python\Python38\;C:\Users\selfg\AppData\Local\Microsoft\WindowsApps;C:\Users\selfg\AppData\Local\Programs\Microsoft VS Code\bin;C:\Users\selfg\go\bin;C:\MinGW\bin;C:\Users\selfg\AppData\Roaming\npm;C:\Users\selfg\AppData\Local\Programs\Python\Python38;C:\Users\selfg\AppData\Local\Programs\Python\Python38\Scripts;;C:\Users\selfg\.deno\bin

Yarn version: 
  1.22.10

Node version: 
  14.15.0

Platform: 
  win32 x64

Trace: 
  Error: https://registry.yarnpkg.com/exprees: Not found
      at Request.params.callback [as _callback] (C:\Users\selfg\AppData\Roaming\npm\node_modules\yarn\lib\cli.js:66988:18)
      at Request.self.callback (C:\Users\selfg\AppData\Roaming\npm\node_modules\yarn\lib\cli.js:140662:22)
      at Request.emit (events.js:315:20)
      at Request.<anonymous> (C:\Users\selfg\AppData\Roaming\npm\node_modules\yarn\lib\cli.js:141634:10)
      at Request.emit (events.js:315:20)
      at IncomingMessage.<anonymous> (C:\Users\selfg\AppData\Roaming\npm\node_modules\yarn\lib\cli.js:141556:12)
      at Object.onceWrapper (events.js:421:28)
      at IncomingMessage.emit (events.js:327:22)
      at endReadableNT (_stream_readable.js:1327:12)
      at processTicksAndRejections (internal/process/task_queues.js:80:21)

npm manifest: 
  {
    "name": "node",
    "version": "1.0.0",
    "main": "index.js",
    "license": "MIT"
  }

yarn manifest: 
  No manifest

Lockfile: 
  No lockfile
